[03:25:46] [main/INFO]: Setting user: Player728
[03:25:47] [Client thread/INFO]: LWJGL Version: 2.9.1
[03:25:53] [Client thread/INFO]: Reloading ResourceManager: Default, FMLFileResourcePack:Forge Mod Loader, FMLFileResourcePack:Minecraft Forge, FMLFileResourcePack:Icarus
[03:25:54] [Sound Library Loader/INFO]: Sound engine started
[03:25:55] [Client thread/INFO]: Created: 16x16 textures/blocks-atlas
[03:25:55] [Client thread/INFO]: Created: 16x16 textures/items-atlas
[03:25:55] [Client thread/INFO]: Reloading ResourceManager: Default, FMLFileResourcePack:Forge Mod Loader, FMLFileResourcePack:Minecraft Forge, FMLFileResourcePack:Icarus
[03:25:55] [Client thread/INFO]: Created: 512x256 textures/blocks-atlas
[03:25:55] [Client thread/INFO]: Created: 256x256 textures/items-atlas
[03:25:56] [Sound Library Loader/INFO]: Sound engine started
[03:26:02] [Server thread/INFO]: Starting integrated minecraft server version 1.7.10
[03:26:02] [Server thread/INFO]: Generating keypair
[03:26:02] [Server thread/INFO]: Converting map!
[03:26:02] [Server thread/INFO]: Scanning folders...
[03:26:02] [Server thread/INFO]: Total conversion count is 0
[03:26:03] [Server thread/WARN]: Unable to find spawn biome
[03:26:03] [Server thread/INFO]: Preparing start region for level 0
[03:26:04] [Server thread/INFO]: Preparing spawn area: 11%
[03:26:05] [Server thread/INFO]: Preparing spawn area: 27%
[03:26:06] [Server thread/INFO]: Preparing spawn area: 50%
[03:26:07] [Server thread/INFO]: Preparing spawn area: 80%
[03:26:07] [Server thread/INFO]: Changing view distance to 12, from 10
[03:26:08] [Server thread/INFO]: Player728[local:E:23a02d0d] logged in with entity id 96 at (1.5, 64.0, 1.5)
[03:26:08] [Server thread/INFO]: Player728 joined the game
[03:26:10] [Client thread/INFO]: Warning: Clientside chunk ticking took 129 ms
[03:26:16] [Server thread/INFO]: Saving and pausing game...
[03:26:16] [Server thread/INFO]: Saving chunks for level 'New World'/Overworld
[03:26:16] [Server thread/INFO]: Saving chunks for level 'New World'/Nether
[03:26:16] [Server thread/INFO]: Saving chunks for level 'New World'/The End
[03:27:22] [Server thread/INFO]: Saving and pausing game...
[03:27:22] [Server thread/INFO]: Saving chunks for level 'New World'/Overworld
[03:27:22] [Server thread/INFO]: Saving chunks for level 'New World'/Nether
[03:27:22] [Server thread/INFO]: Saving chunks for level 'New World'/The End
[03:27:23] [Server thread/INFO]: Stopping server
[03:27:23] [Server thread/INFO]: Saving players
[03:27:23] [Server thread/INFO]: Saving worlds
[03:27:23] [Server thread/INFO]: Saving chunks for level 'New World'/Overworld
[03:27:23] [Server thread/INFO]: Saving chunks for level 'New World'/Nether
[03:27:23] [Server thread/INFO]: Saving chunks for level 'New World'/The End
[03:27:26] [Client thread/INFO]: Stopping!
